# JRE version: OpenJDK Runtime Environment (17.0.11) (build 17.0.11+0--11852314)
# Java VM: OpenJDK 64-Bit Server VM (17.0.11+0--11852314, mixed mode, tiered, compressed oops, compressed class ptrs, g1 gc, windows-amd64)
GC Precious Log:
 CPUs: 16 total, 16 available
 Memory: 16088M
 Large Page Support: Disabled
 NUMA Support: Disabled
 Compressed Oops: Enabled (32-bit)
 Heap Region Size: 1M
 Heap Min Capacity: 8M
 Heap Initial Capacity: 252M
 Heap Max Capacity: 2G
 Pre-touch: Disabled
 Parallel Workers: 13
 Concurrent Workers: 3
 Concurrent Refinement Workers: 13
 Periodic GC: Disabled
Heap:
 garbage-first heap   total 89088K, used 54439K [0x0000000080000000, 0x0000000100000000)
  region size 1024K, 9 young (9216K), 3 survivors (3072K)
 Metaspace       used 50022K, committed 50496K, reserved 1114112K
  class space    used 6846K, committed 7040K, reserved 1048576K
GC Heap History (20 events):
Event: 1.615 GC heap before
{Heap before GC invocations=5 (full 0):
 garbage-first heap   total 78848K, used 56154K [0x0000000080000000, 0x0000000100000000)
  region size 1024K, 46 young (47104K), 11 survivors (11264K)
 Metaspace       used 26815K, committed 27136K, reserved 1114112K
  class space    used 3381K, committed 3520K, reserved 1048576K
}
Event: 1.619 GC heap after
{Heap after GC invocations=6 (full 0):
 garbage-first heap   total 78848K, used 22949K [0x0000000080000000, 0x0000000100000000)
  region size 1024K, 3 young (3072K), 3 survivors (3072K)
 Metaspace       used 26815K, committed 27136K, reserved 1114112K
  class space    used 3381K, committed 3520K, reserved 1048576K
}
Event: 2.050 GC heap before
{Heap before GC invocations=6 (full 0):
 garbage-first heap   total 78848K, used 54693K [0x0000000080000000, 0x0000000100000000)
  region size 1024K, 34 young (34816K), 3 survivors (3072K)
 Metaspace       used 30632K, committed 30976K, reserved 1114112K
  class space    used 4018K, committed 4160K, reserved 1048576K
}
Event: 2.052 GC heap after
{Heap after GC invocations=7 (full 0):
 garbage-first heap   total 78848K, used 24698K [0x0000000080000000, 0x0000000100000000)
  region size 1024K, 4 young (4096K), 4 survivors (4096K)
 Metaspace       used 30632K, committed 30976K, reserved 1114112K
  class space    used 4018K, committed 4160K, reserved 1048576K
}
Event: 2.672 GC heap before
{Heap before GC invocations=7 (full 0):
 garbage-first heap   total 78848K, used 65658K [0x0000000080000000, 0x0000000100000000)
  region size 1024K, 34 young (34816K), 4 survivors (4096K)
 Metaspace       used 34065K, committed 34496K, reserved 1114112K
  class space    used 4633K, committed 4864K, reserved 1048576K
}
Event: 2.675 GC heap after
{Heap after GC invocations=8 (full 0):
 garbage-first heap   total 78848K, used 41712K [0x0000000080000000, 0x0000000100000000)
  region size 1024K, 5 young (5120K), 5 survivors (5120K)
 Metaspace       used 34065K, committed 34496K, reserved 1114112K
  class space    used 4633K, committed 4864K, reserved 1048576K
}
Event: 2.817 GC heap before
{Heap before GC invocations=8 (full 0):
 garbage-first heap   total 78848K, used 54000K [0x0000000080000000, 0x0000000100000000)
  region size 1024K, 18 young (18432K), 5 survivors (5120K)
 Metaspace       used 35726K, committed 36096K, reserved 1114112K
  class space    used 4860K, committed 5056K, reserved 1048576K
}
Event: 2.819 GC heap after
{Heap after GC invocations=9 (full 0):
 garbage-first heap   total 78848K, used 42580K [0x0000000080000000, 0x0000000100000000)
  region size 1024K, 1 young (1024K), 1 survivors (1024K)
 Metaspace       used 35726K, committed 36096K, reserved 1114112K
  class space    used 4860K, committed 5056K, reserved 1048576K
}
Event: 2.986 GC heap before
{Heap before GC invocations=10 (full 0):
 garbage-first heap   total 78848K, used 61012K [0x0000000080000000, 0x0000000100000000)
  region size 1024K, 19 young (19456K), 1 survivors (1024K)
 Metaspace       used 37676K, committed 38080K, reserved 1114112K
  class space    used 5192K, committed 5376K, reserved 1048576K
}
Event: 2.987 GC heap after
{Heap after GC invocations=11 (full 0):
 garbage-first heap   total 78848K, used 43173K [0x0000000080000000, 0x0000000100000000)
  region size 1024K, 2 young (2048K), 2 survivors (2048K)
 Metaspace       used 37676K, committed 38080K, reserved 1114112K
  class space    used 5192K, committed 5376K, reserved 1048576K
}
Event: 3.150 GC heap before
{Heap before GC invocations=11 (full 0):
 garbage-first heap   total 78848K, used 60581K [0x0000000080000000, 0x0000000100000000)
  region size 1024K, 20 young (20480K), 2 survivors (2048K)
 Metaspace       used 40410K, committed 40832K, reserved 1114112K
  class space    used 5580K, committed 5760K, reserved 1048576K
}
Event: 3.151 GC heap after
{Heap after GC invocations=12 (full 0):
 garbage-first heap   total 78848K, used 43655K [0x0000000080000000, 0x0000000100000000)
  region size 1024K, 2 young (2048K), 2 survivors (2048K)
 Metaspace       used 40410K, committed 40832K, reserved 1114112K
  class space    used 5580K, committed 5760K, reserved 1048576K
}
Event: 3.309 GC heap before
{Heap before GC invocations=13 (full 0):
 garbage-first heap   total 78848K, used 62087K [0x0000000080000000, 0x0000000100000000)
  region size 1024K, 21 young (21504K), 2 survivors (2048K)
 Metaspace       used 42383K, committed 42880K, reserved 1114112K
  class space    used 5786K, committed 6016K, reserved 1048576K
}
Event: 3.311 GC heap after
{Heap after GC invocations=14 (full 0):
 garbage-first heap   total 78848K, used 45879K [0x0000000080000000, 0x0000000100000000)
  region size 1024K, 3 young (3072K), 3 survivors (3072K)
 Metaspace       used 42383K, committed 42880K, reserved 1114112K
  class space    used 5786K, committed 6016K, reserved 1048576K
}
Event: 3.417 GC heap before
{Heap before GC invocations=14 (full 0):
 garbage-first heap   total 78848K, used 62263K [0x0000000080000000, 0x0000000100000000)
  region size 1024K, 20 young (20480K), 3 survivors (3072K)
 Metaspace       used 44001K, committed 44480K, reserved 1114112K
  class space    used 6090K, committed 6336K, reserved 1048576K
}
Event: 3.419 GC heap after
{Heap after GC invocations=15 (full 0):
 garbage-first heap   total 78848K, used 46636K [0x0000000080000000, 0x0000000100000000)
  region size 1024K, 3 young (3072K), 3 survivors (3072K)
 Metaspace       used 44001K, committed 44480K, reserved 1114112K
  class space    used 6090K, committed 6336K, reserved 1048576K
}
Event: 3.597 GC heap before
{Heap before GC invocations=16 (full 0):
 garbage-first heap   total 83968K, used 63020K [0x0000000080000000, 0x0000000100000000)
  region size 1024K, 20 young (20480K), 3 survivors (3072K)
 Metaspace       used 45910K, committed 46336K, reserved 1114112K
  class space    used 6340K, committed 6528K, reserved 1048576K
}
Event: 3.598 GC heap after
{Heap after GC invocations=17 (full 0):
 garbage-first heap   total 83968K, used 47756K [0x0000000080000000, 0x0000000100000000)
  region size 1024K, 3 young (3072K), 3 survivors (3072K)
 Metaspace       used 45910K, committed 46336K, reserved 1114112K
  class space    used 6340K, committed 6528K, reserved 1048576K
}
Event: 3.877 GC heap before
{Heap before GC invocations=17 (full 0):
 garbage-first heap   total 83968K, used 67212K [0x0000000080000000, 0x0000000100000000)
  region size 1024K, 23 young (23552K), 3 survivors (3072K)
 Metaspace       used 48898K, committed 49344K, reserved 1114112K
  class space    used 6709K, committed 6912K, reserved 1048576K
}
Event: 3.879 GC heap after
{Heap after GC invocations=18 (full 0):
 garbage-first heap   total 83968K, used 49319K [0x0000000080000000, 0x0000000100000000)
  region size 1024K, 3 young (3072K), 3 survivors (3072K)
 Metaspace       used 48898K, committed 49344K, reserved 1114112K
  class space    used 6709K, committed 6912K, reserved 1048576K
}

